<?xml version="1.0" encoding="UTF-8"?>
<!-- Generated by org.testng.reporters.JUnitXMLReporter -->
<testsuite ignored="0" hostname="Ajay" failures="0" tests="3" name="Default test" time="59.443" errors="0" timestamp="2024-03-18T18:54:11 IST">
  <testcase classname="com.TestNG.TestNG_Practice" name="Leave" time="2.59"/>
  <testcase classname="com.TestNG.TestNG_Practice" name="PIM" time="1.641"/>
  <testcase classname="com.TestNG.TestNG_Practice" name="Time" time="1.822"/>
</testsuite> <!-- Default test -->
