<?xml version="1.0" encoding="UTF-8"?>
<testng-results ignored="0" total="1" passed="1" failed="0" skipped="0">
  <reporter-output>
  </reporter-output>
  <suite started-at="2024-04-10T11:33:26 IST" name="Default suite" finished-at="2024-04-10T11:33:37 IST" duration-ms="11578">
    <groups>
    </groups>
    <test started-at="2024-04-10T11:33:26 IST" name="Default test" finished-at="2024-04-10T11:33:37 IST" duration-ms="11578">
      <class name="Handling_Dropdowns_Test">
        <test-method is-config="true" signature="setup()[pri:0, instance:Handling_Dropdowns_Test@4c60d6e9]" started-at="2024-04-10T11:33:26 IST" name="setup" finished-at="2024-04-10T11:33:30 IST" duration-ms="4710" status="PASS">
          <reporter-output>
          </reporter-output>
        </test-method> <!-- setup -->
        <test-method signature="dropdownval()[pri:0, instance:Handling_Dropdowns_Test@4c60d6e9]" started-at="2024-04-10T11:33:30 IST" name="dropdownval" finished-at="2024-04-10T11:33:37 IST" duration-ms="6494" status="PASS">
          <reporter-output>
          </reporter-output>
        </test-method> <!-- dropdownval -->
        <test-method is-config="true" signature="teardown()[pri:0, instance:Handling_Dropdowns_Test@4c60d6e9]" started-at="2024-04-10T11:33:37 IST" name="teardown" finished-at="2024-04-10T11:33:37 IST" duration-ms="325" status="PASS">
          <reporter-output>
          </reporter-output>
        </test-method> <!-- teardown -->
      </class> <!-- Handling_Dropdowns_Test -->
    </test> <!-- Default test -->
  </suite> <!-- Default suite -->
</testng-results>
